Build started 4/10/2015 11:34:52 AM.
     1>Project "C:\Users\Derik\Desktop\Mid\MidProject\MidProject\MidProject.vcxproj" on node 2 (Build target(s)).
     1>ClCompile:
         C:\Program Files (x86)\Microsoft Visual Studio 12.0\VC\bin\CL.exe /c /IC:\Users\Derik\Desktop\Mid\MidProject\MidProject\Lib/ /IC:\Users\Derik\Desktop\Mid\MidProject\MidProject\Lib/glfw3/Include /IC:\Users\Derik\Desktop\Mid\MidProject\MidProject\Lib/glew/Include /ZI /nologo /W3 /WX- /Od /Oy- /D WIN32 /D _DEBUG /D _CONSOLE /D _LIB /D _UNICODE /D UNICODE /Gm /EHsc /RTC1 /MDd /GS /fp:precise /Zc:wchar_t /Zc:forScope /Fo"Debug\\" /Fd"Debug\vc120.pdb" /Gd /TP /analyze- /errorReport:prompt Source.cpp
         Source.cpp
       Link:
         C:\Program Files (x86)\Microsoft Visual Studio 12.0\VC\bin\link.exe /ERRORREPORT:PROMPT /OUT:"C:\Users\Derik\Desktop\Mid\MidProject\Debug\MidProject.exe" /INCREMENTAL /NOLOGO /LIBPATH:C:\Users\Derik\Desktop\Mid\MidProject\MidProject\Lib/glfw3/Lib /LIBPATH:C:\Users\Derik\Desktop\Mid\MidProject\MidProject\Lib/glew/Lib/Win32 glfw3.lib opengl32.lib glu32.lib glew32s.lib kernel32.lib user32.lib gdi32.lib winspool.lib comdlg32.lib advapi32.lib shell32.lib ole32.lib oleaut32.lib uuid.lib odbc32.lib odbccp32.lib /NODEFAULTLIB:libc.lib /NODEFAULTLIB:libcmt.lib /NODEFAULTLIB:msvcrt.lib /NODEFAULTLIB:libcd.lib /NODEFAULTLIB:libcmtd.lib /MANIFEST /MANIFESTUAC:"level='asInvoker' uiAccess='false'" /manifest:embed /DEBUG /PDB:"C:\Users\Derik\Desktop\Mid\MidProject\Debug\MidProject.pdb" /SUBSYSTEM:CONSOLE /TLBID:1 /DYNAMICBASE /NXCOMPAT /IMPLIB:"C:\Users\Derik\Desktop\Mid\MidProject\Debug\MidProject.lib" /MACHINE:X86 Debug\Camera.obj
         Debug\GLFWManager.obj
         Debug\GraphicsObject.obj
         Debug\InputManager.obj
         Debug\MyLoadBitmap.obj
         Debug\ShaderManager.obj
         Debug\Source.obj
         Debug\TimeManager.obj
     1>GLFWManager.obj : warning LNK4217: locally defined symbol _glewInit@0 imported in function "public: virtual int __thiscall GLFWManager::Initialize(int,int,class std::basic_string<char,struct std::char_traits<char>,class std::allocator<char> >,bool)" (?Initialize@GLFWManager@@UAEHHHV?$basic_string@DU?$char_traits@D@std@@V?$allocator@D@2@@std@@_N@Z)
     1>GLFWManager.obj : warning LNK4049: locally defined symbol _glewExperimental imported
     1>MyLoadBitmap.obj : warning LNK4049: locally defined symbol ___glewGenerateMipmap imported
     1>ShaderManager.obj : warning LNK4049: locally defined symbol ___glewAttachShader imported
     1>ShaderManager.obj : warning LNK4049: locally defined symbol ___glewCompileShader imported
     1>ShaderManager.obj : warning LNK4049: locally defined symbol ___glewCreateProgram imported
     1>ShaderManager.obj : warning LNK4049: locally defined symbol ___glewCreateShader imported
     1>ShaderManager.obj : warning LNK4049: locally defined symbol ___glewDeleteProgram imported
     1>ShaderManager.obj : warning LNK4049: locally defined symbol ___glewDeleteShader imported
     1>ShaderManager.obj : warning LNK4049: locally defined symbol ___glewDetachShader imported
     1>ShaderManager.obj : warning LNK4049: locally defined symbol ___glewGetUniformLocation imported
     1>ShaderManager.obj : warning LNK4049: locally defined symbol ___glewLinkProgram imported
     1>ShaderManager.obj : warning LNK4049: locally defined symbol ___glewShaderSource imported
     1>glew32s.lib(glew.obj) : warning LNK4099: PDB 'vc120.pdb' was not found with 'glew32s.lib(glew.obj)' or at 'C:\Users\Derik\Desktop\Mid\MidProject\Debug\vc120.pdb'; linking object as if no debug info
         MidProject.vcxproj -> C:\Users\Derik\Desktop\Mid\MidProject\Debug\MidProject.exe
     1>Done Building Project "C:\Users\Derik\Desktop\Mid\MidProject\MidProject\MidProject.vcxproj" (Build target(s)).

Build succeeded.

Time Elapsed 00:00:00.85
